{"D:\\Escritorio\\Programacion\\NodeJs\\Api-NodeJs\\index.js": {"path":"D:\\Escritorio\\Programacion\\NodeJs\\Api-NodeJs\\index.js","statementMap":{"0":{"start":{"line":1,"column":16},"end":{"line":1,"column":34}},"1":{"start":{"line":2,"column":19},"end":{"line":2,"column":41}},"2":{"start":{"line":3,"column":23},"end":{"line":3,"column":75}},"3":{"start":{"line":4,"column":20},"end":{"line":4,"column":70}},"4":{"start":{"line":5,"column":15},"end":{"line":5,"column":40}},"5":{"start":{"line":6,"column":15},"end":{"line":6,"column":32}},"6":{"start":{"line":7,"column":16},"end":{"line":7,"column":42}},"7":{"start":{"line":8,"column":17},"end":{"line":8,"column":36}},"8":{"start":{"line":9,"column":15},"end":{"line":9,"column":34}},"9":{"start":{"line":10,"column":17},"end":{"line":10,"column":36}},"10":{"start":{"line":11,"column":21},"end":{"line":11,"column":55}},"11":{"start":{"line":13,"column":0},"end":{"line":13,"column":22}},"12":{"start":{"line":15,"column":0},"end":{"line":15,"column":59}},"13":{"start":{"line":16,"column":0},"end":{"line":19,"column":3}},"14":{"start":{"line":17,"column":2},"end":{"line":17,"column":46}},"15":{"start":{"line":18,"column":2},"end":{"line":18,"column":18}},"16":{"start":{"line":21,"column":12},"end":{"line":21,"column":21}},"17":{"start":{"line":23,"column":0},"end":{"line":23,"column":27}},"18":{"start":{"line":24,"column":0},"end":{"line":30,"column":2}},"19":{"start":{"line":27,"column":26},"end":{"line":27,"column":53}},"20":{"start":{"line":32,"column":0},"end":{"line":32,"column":31}},"21":{"start":{"line":34,"column":0},"end":{"line":34,"column":37}},"22":{"start":{"line":35,"column":0},"end":{"line":35,"column":31}},"23":{"start":{"line":38,"column":0},"end":{"line":38,"column":38}},"24":{"start":{"line":39,"column":0},"end":{"line":43,"column":1}},"25":{"start":{"line":40,"column":2},"end":{"line":40,"column":43}},"26":{"start":{"line":42,"column":2},"end":{"line":42,"column":44}},"27":{"start":{"line":46,"column":0},"end":{"line":50,"column":3}},"28":{"start":{"line":48,"column":2},"end":{"line":48,"column":24}},"29":{"start":{"line":49,"column":2},"end":{"line":49,"column":28}},"30":{"start":{"line":52,"column":15},"end":{"line":54,"column":2}},"31":{"start":{"line":53,"column":2},"end":{"line":53,"column":46}},"32":{"start":{"line":56,"column":0},"end":{"line":59,"column":2}}},"fnMap":{"0":{"name":"(anonymous_0)","decl":{"start":{"line":16,"column":32},"end":{"line":16,"column":33}},"loc":{"start":{"line":16,"column":38},"end":{"line":19,"column":1}},"line":16},"1":{"name":"(anonymous_1)","decl":{"start":{"line":27,"column":13},"end":{"line":27,"column":14}},"loc":{"start":{"line":27,"column":26},"end":{"line":27,"column":53}},"line":27},"2":{"name":"(anonymous_2)","decl":{"start":{"line":46,"column":63},"end":{"line":46,"column":64}},"loc":{"start":{"line":46,"column":77},"end":{"line":50,"column":1}},"line":46},"3":{"name":"(anonymous_3)","decl":{"start":{"line":52,"column":41},"end":{"line":52,"column":42}},"loc":{"start":{"line":52,"column":47},"end":{"line":54,"column":1}},"line":52}},"branchMap":{"0":{"loc":{"start":{"line":39,"column":0},"end":{"line":43,"column":1}},"type":"if","locations":[{"start":{"line":39,"column":0},"end":{"line":43,"column":1}},{"start":{"line":39,"column":0},"end":{"line":43,"column":1}}],"line":39}},"s":{"0":2,"1":2,"2":2,"3":2,"4":2,"5":2,"6":2,"7":2,"8":2,"9":2,"10":2,"11":2,"12":2,"13":2,"14":0,"15":0,"16":2,"17":2,"18":2,"19":42,"20":2,"21":2,"22":2,"23":2,"24":2,"25":0,"26":2,"27":2,"28":0,"29":0,"30":2,"31":2,"32":2},"f":{"0":0,"1":42,"2":0,"3":2},"b":{"0":[0,2]},"_coverageSchema":"1a1c01bbd47fc00a2c39e90264f33305004495a9","hash":"5c64735ec53a5483467647dbc5a8e41359e77504"}
,"D:\\Escritorio\\Programacion\\NodeJs\\Api-NodeJs\\api\\libs\\auth.js": {"path":"D:\\Escritorio\\Programacion\\NodeJs\\Api-NodeJs\\api\\libs\\auth.js","statementMap":{"0":{"start":{"line":1,"column":12},"end":{"line":1,"column":43}},"1":{"start":{"line":2,"column":20},"end":{"line":2,"column":43}},"2":{"start":{"line":3,"column":15},"end":{"line":3,"column":38}},"3":{"start":{"line":4,"column":23},"end":{"line":4,"column":73}},"4":{"start":{"line":6,"column":17},"end":{"line":9,"column":1}},"5":{"start":{"line":11,"column":20},"end":{"line":36,"column":2}},"6":{"start":{"line":14,"column":2},"end":{"line":35,"column":7}},"7":{"start":{"line":17,"column":6},"end":{"line":30,"column":7}},"8":{"start":{"line":18,"column":8},"end":{"line":20,"column":10}},"9":{"start":{"line":21,"column":8},"end":{"line":21,"column":26}},"10":{"start":{"line":23,"column":8},"end":{"line":25,"column":10}},"11":{"start":{"line":26,"column":8},"end":{"line":29,"column":11}},"12":{"start":{"line":33,"column":6},"end":{"line":33,"column":61}},"13":{"start":{"line":34,"column":6},"end":{"line":34,"column":16}},"14":{"start":{"line":38,"column":0},"end":{"line":38,"column":29}}},"fnMap":{"0":{"name":"(anonymous_0)","decl":{"start":{"line":11,"column":57},"end":{"line":11,"column":58}},"loc":{"start":{"line":11,"column":79},"end":{"line":36,"column":1}},"line":11},"1":{"name":"(anonymous_1)","decl":{"start":{"line":16,"column":10},"end":{"line":16,"column":11}},"loc":{"start":{"line":16,"column":20},"end":{"line":31,"column":5}},"line":16},"2":{"name":"(anonymous_2)","decl":{"start":{"line":32,"column":11},"end":{"line":32,"column":12}},"loc":{"start":{"line":32,"column":20},"end":{"line":35,"column":5}},"line":32}},"branchMap":{"0":{"loc":{"start":{"line":17,"column":6},"end":{"line":30,"column":7}},"type":"if","locations":[{"start":{"line":17,"column":6},"end":{"line":30,"column":7}},{"start":{"line":17,"column":6},"end":{"line":30,"column":7}}],"line":17}},"s":{"0":2,"1":2,"2":2,"3":2,"4":2,"5":2,"6":10,"7":10,"8":0,"9":0,"10":10,"11":10,"12":0,"13":0,"14":2},"f":{"0":10,"1":10,"2":0},"b":{"0":[0,10]},"_coverageSchema":"1a1c01bbd47fc00a2c39e90264f33305004495a9","hash":"a1e18a8a9bf0bc3837f0299ade06a5f38972a1a9"}
,"D:\\Escritorio\\Programacion\\NodeJs\\Api-NodeJs\\api\\libs\\errorHandler.js": {"path":"D:\\Escritorio\\Programacion\\NodeJs\\Api-NodeJs\\api\\libs\\errorHandler.js","statementMap":{"0":{"start":{"line":1,"column":17},"end":{"line":1,"column":36}},"1":{"start":{"line":2,"column":12},"end":{"line":2,"column":41}},"2":{"start":{"line":4,"column":22},"end":{"line":8,"column":1}},"3":{"start":{"line":5,"column":2},"end":{"line":7,"column":4}},"4":{"start":{"line":6,"column":4},"end":{"line":6,"column":35}},"5":{"start":{"line":10,"column":24},"end":{"line":20,"column":1}},"6":{"start":{"line":12,"column":2},"end":{"line":18,"column":3}},"7":{"start":{"line":13,"column":4},"end":{"line":13,"column":63}},"8":{"start":{"line":15,"column":4},"end":{"line":16,"column":70}},"9":{"start":{"line":17,"column":4},"end":{"line":17,"column":21}},"10":{"start":{"line":19,"column":2},"end":{"line":19,"column":12}},"11":{"start":{"line":22,"column":27},"end":{"line":27,"column":1}},"12":{"start":{"line":23,"column":2},"end":{"line":23,"column":32}},"13":{"start":{"line":24,"column":2},"end":{"line":26,"column":5}},"14":{"start":{"line":29,"column":28},"end":{"line":35,"column":1}},"15":{"start":{"line":30,"column":2},"end":{"line":30,"column":32}},"16":{"start":{"line":31,"column":2},"end":{"line":34,"column":5}},"17":{"start":{"line":37,"column":0},"end":{"line":42,"column":2}}},"fnMap":{"0":{"name":"(anonymous_0)","decl":{"start":{"line":4,"column":22},"end":{"line":4,"column":23}},"loc":{"start":{"line":4,"column":30},"end":{"line":8,"column":1}},"line":4},"1":{"name":"(anonymous_1)","decl":{"start":{"line":5,"column":9},"end":{"line":5,"column":10}},"loc":{"start":{"line":5,"column":35},"end":{"line":7,"column":3}},"line":5},"2":{"name":"(anonymous_2)","decl":{"start":{"line":10,"column":24},"end":{"line":10,"column":25}},"loc":{"start":{"line":10,"column":49},"end":{"line":20,"column":1}},"line":10},"3":{"name":"(anonymous_3)","decl":{"start":{"line":22,"column":27},"end":{"line":22,"column":28}},"loc":{"start":{"line":22,"column":52},"end":{"line":27,"column":1}},"line":22},"4":{"name":"(anonymous_4)","decl":{"start":{"line":29,"column":28},"end":{"line":29,"column":29}},"loc":{"start":{"line":29,"column":53},"end":{"line":35,"column":1}},"line":29}},"branchMap":{"0":{"loc":{"start":{"line":12,"column":2},"end":{"line":18,"column":3}},"type":"if","locations":[{"start":{"line":12,"column":2},"end":{"line":18,"column":3}},{"start":{"line":12,"column":2},"end":{"line":18,"column":3}}],"line":12},"1":{"loc":{"start":{"line":12,"column":6},"end":{"line":12,"column":64}},"type":"binary-expr","locations":[{"start":{"line":12,"column":6},"end":{"line":12,"column":35}},{"start":{"line":12,"column":39},"end":{"line":12,"column":64}}],"line":12},"2":{"loc":{"start":{"line":23,"column":13},"end":{"line":23,"column":30}},"type":"binary-expr","locations":[{"start":{"line":23,"column":13},"end":{"line":23,"column":23}},{"start":{"line":23,"column":27},"end":{"line":23,"column":30}}],"line":23},"3":{"loc":{"start":{"line":30,"column":13},"end":{"line":30,"column":30}},"type":"binary-expr","locations":[{"start":{"line":30,"column":13},"end":{"line":30,"column":23}},{"start":{"line":30,"column":27},"end":{"line":30,"column":30}}],"line":30},"4":{"loc":{"start":{"line":33,"column":11},"end":{"line":33,"column":26}},"type":"binary-expr","locations":[{"start":{"line":33,"column":11},"end":{"line":33,"column":20}},{"start":{"line":33,"column":24},"end":{"line":33,"column":26}}],"line":33}},"s":{"0":2,"1":2,"2":2,"3":8,"4":5,"5":2,"6":1,"7":0,"8":0,"9":0,"10":1,"11":2,"12":0,"13":0,"14":2,"15":1,"16":1,"17":2},"f":{"0":8,"1":5,"2":1,"3":0,"4":1},"b":{"0":[0,1],"1":[1,1],"2":[0,0],"3":[1,0],"4":[1,0]},"_coverageSchema":"1a1c01bbd47fc00a2c39e90264f33305004495a9","hash":"1223c861f7f145fe0af7d536dbec263b6503dddd"}
,"D:\\Escritorio\\Programacion\\NodeJs\\Api-NodeJs\\api\\recursos\\productos\\product.controller.js": {"path":"D:\\Escritorio\\Programacion\\NodeJs\\Api-NodeJs\\api\\recursos\\productos\\product.controller.js","statementMap":{"0":{"start":{"line":1,"column":16},"end":{"line":1,"column":43}},"1":{"start":{"line":3,"column":20},"end":{"line":5,"column":1}},"2":{"start":{"line":4,"column":2},"end":{"line":4,"column":26}},"3":{"start":{"line":9,"column":2},"end":{"line":9,"column":51}},"4":{"start":{"line":12,"column":21},"end":{"line":14,"column":1}},"5":{"start":{"line":13,"column":2},"end":{"line":13,"column":30}},"6":{"start":{"line":16,"column":20},"end":{"line":24,"column":1}},"7":{"start":{"line":17,"column":2},"end":{"line":23,"column":4}},"8":{"start":{"line":26,"column":22},"end":{"line":28,"column":1}},"9":{"start":{"line":27,"column":2},"end":{"line":27,"column":39}},"10":{"start":{"line":30,"column":0},"end":{"line":36,"column":2}}},"fnMap":{"0":{"name":"(anonymous_0)","decl":{"start":{"line":3,"column":20},"end":{"line":3,"column":21}},"loc":{"start":{"line":3,"column":26},"end":{"line":5,"column":1}},"line":3},"1":{"name":"createProduct","decl":{"start":{"line":7,"column":9},"end":{"line":7,"column":22}},"loc":{"start":{"line":7,"column":39},"end":{"line":10,"column":1}},"line":7},"2":{"name":"(anonymous_2)","decl":{"start":{"line":12,"column":21},"end":{"line":12,"column":22}},"loc":{"start":{"line":12,"column":29},"end":{"line":14,"column":1}},"line":12},"3":{"name":"(anonymous_3)","decl":{"start":{"line":16,"column":20},"end":{"line":16,"column":21}},"loc":{"start":{"line":16,"column":47},"end":{"line":24,"column":1}},"line":16},"4":{"name":"(anonymous_4)","decl":{"start":{"line":26,"column":22},"end":{"line":26,"column":23}},"loc":{"start":{"line":26,"column":30},"end":{"line":28,"column":1}},"line":26}},"branchMap":{},"s":{"0":2,"1":2,"2":0,"3":1,"4":2,"5":5,"6":2,"7":0,"8":2,"9":1,"10":2},"f":{"0":0,"1":1,"2":5,"3":0,"4":1},"b":{},"_coverageSchema":"1a1c01bbd47fc00a2c39e90264f33305004495a9","hash":"0a959bfee3c536de561fc3d3379e272cb449cccb"}
,"D:\\Escritorio\\Programacion\\NodeJs\\Api-NodeJs\\api\\recursos\\productos\\productos.error.js": {"path":"D:\\Escritorio\\Programacion\\NodeJs\\Api-NodeJs\\api\\recursos\\productos\\productos.error.js","statementMap":{"0":{"start":{"line":3,"column":4},"end":{"line":3,"column":19}},"1":{"start":{"line":4,"column":4},"end":{"line":4,"column":52}},"2":{"start":{"line":5,"column":4},"end":{"line":5,"column":22}},"3":{"start":{"line":6,"column":4},"end":{"line":6,"column":35}},"4":{"start":{"line":12,"column":4},"end":{"line":12,"column":19}},"5":{"start":{"line":13,"column":4},"end":{"line":13,"column":60}},"6":{"start":{"line":14,"column":4},"end":{"line":14,"column":22}},"7":{"start":{"line":15,"column":4},"end":{"line":15,"column":34}},"8":{"start":{"line":19,"column":0},"end":{"line":22,"column":2}}},"fnMap":{"0":{"name":"(anonymous_0)","decl":{"start":{"line":2,"column":2},"end":{"line":2,"column":3}},"loc":{"start":{"line":2,"column":23},"end":{"line":7,"column":3}},"line":2},"1":{"name":"(anonymous_1)","decl":{"start":{"line":11,"column":2},"end":{"line":11,"column":3}},"loc":{"start":{"line":11,"column":23},"end":{"line":16,"column":3}},"line":11}},"branchMap":{"0":{"loc":{"start":{"line":4,"column":19},"end":{"line":4,"column":51}},"type":"binary-expr","locations":[{"start":{"line":4,"column":19},"end":{"line":4,"column":26}},{"start":{"line":4,"column":30},"end":{"line":4,"column":51}}],"line":4},"1":{"loc":{"start":{"line":13,"column":19},"end":{"line":13,"column":59}},"type":"binary-expr","locations":[{"start":{"line":13,"column":19},"end":{"line":13,"column":26}},{"start":{"line":13,"column":30},"end":{"line":13,"column":59}}],"line":13}},"s":{"0":1,"1":1,"2":1,"3":1,"4":0,"5":0,"6":0,"7":0,"8":2},"f":{"0":1,"1":0},"b":{"0":[1,0],"1":[0,0]},"_coverageSchema":"1a1c01bbd47fc00a2c39e90264f33305004495a9","hash":"c5e5fdcb1f30db11892b21e77a8b9eb32333b623"}
,"D:\\Escritorio\\Programacion\\NodeJs\\Api-NodeJs\\api\\recursos\\productos\\productos.middleware.js": {"path":"D:\\Escritorio\\Programacion\\NodeJs\\Api-NodeJs\\api\\recursos\\productos\\productos.middleware.js","statementMap":{"0":{"start":{"line":1,"column":12},"end":{"line":1,"column":32}},"1":{"start":{"line":2,"column":12},"end":{"line":2,"column":44}},"2":{"start":{"line":4,"column":26},"end":{"line":8,"column":2}},"3":{"start":{"line":11,"column":24},"end":{"line":27,"column":1}},"4":{"start":{"line":12,"column":15},"end":{"line":15,"column":4}},"5":{"start":{"line":16,"column":2},"end":{"line":26,"column":3}},"6":{"start":{"line":17,"column":4},"end":{"line":17,"column":11}},"7":{"start":{"line":19,"column":17},"end":{"line":21,"column":10}},"8":{"start":{"line":20,"column":6},"end":{"line":20,"column":38}},"9":{"start":{"line":23,"column":4},"end":{"line":23,"column":78}},"10":{"start":{"line":24,"column":4},"end":{"line":24,"column":24}},"11":{"start":{"line":25,"column":4},"end":{"line":25,"column":33}},"12":{"start":{"line":29,"column":18},"end":{"line":36,"column":1}},"13":{"start":{"line":30,"column":11},"end":{"line":30,"column":24}},"14":{"start":{"line":31,"column":2},"end":{"line":35,"column":3}},"15":{"start":{"line":32,"column":4},"end":{"line":32,"column":77}},"16":{"start":{"line":34,"column":4},"end":{"line":34,"column":11}},"17":{"start":{"line":38,"column":0},"end":{"line":41,"column":2}}},"fnMap":{"0":{"name":"(anonymous_0)","decl":{"start":{"line":11,"column":24},"end":{"line":11,"column":25}},"loc":{"start":{"line":11,"column":44},"end":{"line":27,"column":1}},"line":11},"1":{"name":"(anonymous_1)","decl":{"start":{"line":19,"column":45},"end":{"line":19,"column":46}},"loc":{"start":{"line":19,"column":59},"end":{"line":21,"column":5}},"line":19},"2":{"name":"(anonymous_2)","decl":{"start":{"line":29,"column":18},"end":{"line":29,"column":19}},"loc":{"start":{"line":29,"column":38},"end":{"line":36,"column":1}},"line":29}},"branchMap":{"0":{"loc":{"start":{"line":16,"column":2},"end":{"line":26,"column":3}},"type":"if","locations":[{"start":{"line":16,"column":2},"end":{"line":26,"column":3}},{"start":{"line":16,"column":2},"end":{"line":26,"column":3}}],"line":16},"1":{"loc":{"start":{"line":31,"column":2},"end":{"line":35,"column":3}},"type":"if","locations":[{"start":{"line":31,"column":2},"end":{"line":35,"column":3}},{"start":{"line":31,"column":2},"end":{"line":35,"column":3}}],"line":31}},"s":{"0":2,"1":2,"2":2,"3":2,"4":6,"5":6,"6":1,"7":5,"8":9,"9":5,"10":5,"11":5,"12":2,"13":7,"14":7,"15":2,"16":5,"17":2},"f":{"0":6,"1":9,"2":7},"b":{"0":[1,5],"1":[2,5]},"_coverageSchema":"1a1c01bbd47fc00a2c39e90264f33305004495a9","hash":"182ac6b24cdcd7378753e0ac0a338355d12a5251"}
,"D:\\Escritorio\\Programacion\\NodeJs\\Api-NodeJs\\api\\recursos\\productos\\productos.routes.js": {"path":"D:\\Escritorio\\Programacion\\NodeJs\\Api-NodeJs\\api\\recursos\\productos\\productos.routes.js","statementMap":{"0":{"start":{"line":1,"column":16},"end":{"line":1,"column":34}},"1":{"start":{"line":2,"column":10},"end":{"line":2,"column":31}},"2":{"start":{"line":3,"column":15},"end":{"line":3,"column":33}},"3":{"start":{"line":4,"column":28},"end":{"line":4,"column":61}},"4":{"start":{"line":5,"column":23},"end":{"line":5,"column":39}},"5":{"start":{"line":6,"column":12},"end":{"line":6,"column":44}},"6":{"start":{"line":7,"column":17},"end":{"line":7,"column":36}},"7":{"start":{"line":8,"column":16},"end":{"line":8,"column":64}},"8":{"start":{"line":9,"column":26},"end":{"line":9,"column":57}},"9":{"start":{"line":10,"column":28},"end":{"line":10,"column":61}},"10":{"start":{"line":11,"column":21},"end":{"line":11,"column":55}},"11":{"start":{"line":15,"column":4},"end":{"line":15,"column":43}},"12":{"start":{"line":17,"column":0},"end":{"line":24,"column":2}},"13":{"start":{"line":20,"column":4},"end":{"line":22,"column":7}},"14":{"start":{"line":21,"column":6},"end":{"line":21,"column":25}},"15":{"start":{"line":26,"column":0},"end":{"line":37,"column":2}},"16":{"start":{"line":30,"column":4},"end":{"line":35,"column":9}},"17":{"start":{"line":33,"column":8},"end":{"line":33,"column":64}},"18":{"start":{"line":34,"column":8},"end":{"line":34,"column":38}},"19":{"start":{"line":39,"column":0},"end":{"line":52,"column":2}},"20":{"start":{"line":43,"column":13},"end":{"line":43,"column":26}},"21":{"start":{"line":44,"column":4},"end":{"line":50,"column":7}},"22":{"start":{"line":45,"column":6},"end":{"line":46,"column":73}},"23":{"start":{"line":46,"column":8},"end":{"line":46,"column":73}},"24":{"start":{"line":49,"column":6},"end":{"line":49,"column":36}},"25":{"start":{"line":54,"column":0},"end":{"line":106,"column":2}},"26":{"start":{"line":58,"column":13},"end":{"line":58,"column":26}},"27":{"start":{"line":59,"column":28},"end":{"line":59,"column":45}},"28":{"start":{"line":62,"column":4},"end":{"line":69,"column":5}},"29":{"start":{"line":63,"column":6},"end":{"line":63,"column":66}},"30":{"start":{"line":64,"column":6},"end":{"line":64,"column":36}},"31":{"start":{"line":66,"column":6},"end":{"line":66,"column":79}},"32":{"start":{"line":67,"column":6},"end":{"line":67,"column":72}},"33":{"start":{"line":68,"column":6},"end":{"line":68,"column":13}},"34":{"start":{"line":71,"column":4},"end":{"line":104,"column":5}},"35":{"start":{"line":72,"column":6},"end":{"line":72,"column":53}},"36":{"start":{"line":73,"column":6},"end":{"line":73,"column":65}},"37":{"start":{"line":76,"column":6},"end":{"line":103,"column":7}},"38":{"start":{"line":77,"column":8},"end":{"line":79,"column":10}},"39":{"start":{"line":80,"column":9},"end":{"line":84,"column":12}},"40":{"start":{"line":90,"column":8},"end":{"line":102,"column":13}},"41":{"start":{"line":93,"column":12},"end":{"line":96,"column":14}},"42":{"start":{"line":97,"column":12},"end":{"line":97,"column":30}},"43":{"start":{"line":100,"column":12},"end":{"line":100,"column":71}},"44":{"start":{"line":101,"column":12},"end":{"line":101,"column":77}},"45":{"start":{"line":108,"column":0},"end":{"line":156,"column":2}},"46":{"start":{"line":112,"column":13},"end":{"line":112,"column":26}},"47":{"start":{"line":115,"column":4},"end":{"line":125,"column":5}},"48":{"start":{"line":116,"column":6},"end":{"line":116,"column":65}},"49":{"start":{"line":117,"column":6},"end":{"line":117,"column":35}},"50":{"start":{"line":119,"column":6},"end":{"line":122,"column":8}},"51":{"start":{"line":123,"column":6},"end":{"line":123,"column":74}},"52":{"start":{"line":124,"column":6},"end":{"line":124,"column":13}},"53":{"start":{"line":127,"column":4},"end":{"line":154,"column":5}},"54":{"start":{"line":128,"column":6},"end":{"line":128,"column":53}},"55":{"start":{"line":129,"column":6},"end":{"line":129,"column":65}},"56":{"start":{"line":132,"column":30},"end":{"line":132,"column":47}},"57":{"start":{"line":133,"column":6},"end":{"line":153,"column":7}},"58":{"start":{"line":134,"column":8},"end":{"line":136,"column":10}},"59":{"start":{"line":137,"column":9},"end":{"line":141,"column":12}},"60":{"start":{"line":146,"column":8},"end":{"line":152,"column":9}},"61":{"start":{"line":147,"column":31},"end":{"line":147,"column":72}},"62":{"start":{"line":148,"column":10},"end":{"line":148,"column":59}},"63":{"start":{"line":149,"column":10},"end":{"line":149,"column":35}},"64":{"start":{"line":151,"column":10},"end":{"line":151,"column":75}},"65":{"start":{"line":158,"column":0},"end":{"line":158,"column":32}}},"fnMap":{"0":{"name":"(anonymous_0)","decl":{"start":{"line":19,"column":29},"end":{"line":19,"column":30}},"loc":{"start":{"line":19,"column":43},"end":{"line":23,"column":3}},"line":19},"1":{"name":"(anonymous_1)","decl":{"start":{"line":20,"column":48},"end":{"line":20,"column":49}},"loc":{"start":{"line":20,"column":62},"end":{"line":22,"column":5}},"line":20},"2":{"name":"(anonymous_2)","decl":{"start":{"line":29,"column":29},"end":{"line":29,"column":30}},"loc":{"start":{"line":29,"column":43},"end":{"line":36,"column":3}},"line":29},"3":{"name":"(anonymous_3)","decl":{"start":{"line":32,"column":12},"end":{"line":32,"column":13}},"loc":{"start":{"line":32,"column":25},"end":{"line":35,"column":7}},"line":32},"4":{"name":"(anonymous_4)","decl":{"start":{"line":42,"column":29},"end":{"line":42,"column":30}},"loc":{"start":{"line":42,"column":43},"end":{"line":51,"column":3}},"line":42},"5":{"name":"(anonymous_5)","decl":{"start":{"line":44,"column":51},"end":{"line":44,"column":52}},"loc":{"start":{"line":44,"column":64},"end":{"line":50,"column":5}},"line":44},"6":{"name":"(anonymous_6)","decl":{"start":{"line":57,"column":2},"end":{"line":57,"column":3}},"loc":{"start":{"line":57,"column":22},"end":{"line":105,"column":3}},"line":57},"7":{"name":"(anonymous_7)","decl":{"start":{"line":92,"column":16},"end":{"line":92,"column":17}},"loc":{"start":{"line":92,"column":29},"end":{"line":98,"column":11}},"line":92},"8":{"name":"(anonymous_8)","decl":{"start":{"line":99,"column":17},"end":{"line":99,"column":18}},"loc":{"start":{"line":99,"column":26},"end":{"line":102,"column":11}},"line":99},"9":{"name":"(anonymous_9)","decl":{"start":{"line":111,"column":2},"end":{"line":111,"column":3}},"loc":{"start":{"line":111,"column":22},"end":{"line":155,"column":3}},"line":111}},"branchMap":{"0":{"loc":{"start":{"line":45,"column":6},"end":{"line":46,"column":73}},"type":"if","locations":[{"start":{"line":45,"column":6},"end":{"line":46,"column":73}},{"start":{"line":45,"column":6},"end":{"line":46,"column":73}}],"line":45},"1":{"loc":{"start":{"line":71,"column":4},"end":{"line":104,"column":5}},"type":"if","locations":[{"start":{"line":71,"column":4},"end":{"line":104,"column":5}},{"start":{"line":71,"column":4},"end":{"line":104,"column":5}}],"line":71},"2":{"loc":{"start":{"line":76,"column":6},"end":{"line":103,"column":7}},"type":"if","locations":[{"start":{"line":76,"column":6},"end":{"line":103,"column":7}},{"start":{"line":76,"column":6},"end":{"line":103,"column":7}}],"line":76},"3":{"loc":{"start":{"line":127,"column":4},"end":{"line":154,"column":5}},"type":"if","locations":[{"start":{"line":127,"column":4},"end":{"line":154,"column":5}},{"start":{"line":127,"column":4},"end":{"line":154,"column":5}}],"line":127},"4":{"loc":{"start":{"line":133,"column":6},"end":{"line":153,"column":7}},"type":"if","locations":[{"start":{"line":133,"column":6},"end":{"line":153,"column":7}},{"start":{"line":133,"column":6},"end":{"line":153,"column":7}}],"line":133}},"s":{"0":2,"1":2,"2":2,"3":2,"4":2,"5":2,"6":2,"7":2,"8":2,"9":2,"10":2,"11":2,"12":2,"13":0,"14":0,"15":2,"16":1,"17":1,"18":1,"19":2,"20":2,"21":2,"22":2,"23":1,"24":1,"25":2,"26":0,"27":0,"28":0,"29":0,"30":0,"31":0,"32":0,"33":0,"34":0,"35":0,"36":0,"37":0,"38":0,"39":0,"40":0,"41":0,"42":0,"43":0,"44":0,"45":2,"46":3,"47":3,"48":3,"49":3,"50":0,"51":0,"52":0,"53":3,"54":1,"55":1,"56":2,"57":2,"58":1,"59":1,"60":1,"61":1,"62":1,"63":1,"64":0,"65":2},"f":{"0":0,"1":0,"2":1,"3":1,"4":2,"5":2,"6":0,"7":0,"8":0,"9":3},"b":{"0":[1,1],"1":[0,0],"2":[0,0],"3":[1,2],"4":[1,1]},"_coverageSchema":"1a1c01bbd47fc00a2c39e90264f33305004495a9","hash":"477bc2e23cac1d150f89bf3159fea72626b3502e"}
,"D:\\Escritorio\\Programacion\\NodeJs\\Api-NodeJs\\api\\recursos\\productos\\products.model.js": {"path":"D:\\Escritorio\\Programacion\\NodeJs\\Api-NodeJs\\api\\recursos\\productos\\products.model.js","statementMap":{"0":{"start":{"line":1,"column":17},"end":{"line":1,"column":36}},"1":{"start":{"line":3,"column":22},"end":{"line":23,"column":2}},"2":{"start":{"line":25,"column":0},"end":{"line":25,"column":59}}},"fnMap":{},"branchMap":{},"s":{"0":2,"1":2,"2":2},"f":{},"b":{},"_coverageSchema":"1a1c01bbd47fc00a2c39e90264f33305004495a9","hash":"f2c47d1106bfe9fe55d02616fab526f76f3f5ebb"}
,"D:\\Escritorio\\Programacion\\NodeJs\\Api-NodeJs\\api\\recursos\\usuarios\\usuario.controller.js": {"path":"D:\\Escritorio\\Programacion\\NodeJs\\Api-NodeJs\\api\\recursos\\usuarios\\usuario.controller.js","statementMap":{"0":{"start":{"line":1,"column":13},"end":{"line":1,"column":40}},"1":{"start":{"line":3,"column":17},"end":{"line":5,"column":1}},"2":{"start":{"line":4,"column":2},"end":{"line":4,"column":23}},"3":{"start":{"line":7,"column":19},"end":{"line":9,"column":1}},"4":{"start":{"line":8,"column":2},"end":{"line":8,"column":64}},"5":{"start":{"line":11,"column":19},"end":{"line":22,"column":1}},"6":{"start":{"line":12,"column":2},"end":{"line":21,"column":5}},"7":{"start":{"line":13,"column":4},"end":{"line":20,"column":9}},"8":{"start":{"line":16,"column":8},"end":{"line":16,"column":34}},"9":{"start":{"line":19,"column":8},"end":{"line":19,"column":20}},"10":{"start":{"line":25,"column":16},"end":{"line":32,"column":1}},"11":{"start":{"line":26,"column":2},"end":{"line":26,"column":35}},"12":{"start":{"line":26,"column":10},"end":{"line":26,"column":35}},"13":{"start":{"line":27,"column":2},"end":{"line":27,"column":50}},"14":{"start":{"line":27,"column":16},"end":{"line":27,"column":50}},"15":{"start":{"line":29,"column":2},"end":{"line":31,"column":4}},"16":{"start":{"line":34,"column":0},"end":{"line":39,"column":2}}},"fnMap":{"0":{"name":"(anonymous_0)","decl":{"start":{"line":3,"column":17},"end":{"line":3,"column":18}},"loc":{"start":{"line":3,"column":23},"end":{"line":5,"column":1}},"line":3},"1":{"name":"(anonymous_1)","decl":{"start":{"line":7,"column":19},"end":{"line":7,"column":20}},"loc":{"start":{"line":7,"column":45},"end":{"line":9,"column":1}},"line":7},"2":{"name":"(anonymous_2)","decl":{"start":{"line":11,"column":19},"end":{"line":11,"column":20}},"loc":{"start":{"line":11,"column":40},"end":{"line":22,"column":1}},"line":11},"3":{"name":"(anonymous_3)","decl":{"start":{"line":12,"column":21},"end":{"line":12,"column":22}},"loc":{"start":{"line":12,"column":42},"end":{"line":21,"column":3}},"line":12},"4":{"name":"(anonymous_4)","decl":{"start":{"line":15,"column":12},"end":{"line":15,"column":13}},"loc":{"start":{"line":15,"column":23},"end":{"line":17,"column":7}},"line":15},"5":{"name":"(anonymous_5)","decl":{"start":{"line":18,"column":13},"end":{"line":18,"column":14}},"loc":{"start":{"line":18,"column":22},"end":{"line":20,"column":7}},"line":18},"6":{"name":"(anonymous_6)","decl":{"start":{"line":25,"column":16},"end":{"line":25,"column":17}},"loc":{"start":{"line":25,"column":38},"end":{"line":32,"column":1}},"line":25}},"branchMap":{"0":{"loc":{"start":{"line":26,"column":2},"end":{"line":26,"column":35}},"type":"if","locations":[{"start":{"line":26,"column":2},"end":{"line":26,"column":35}},{"start":{"line":26,"column":2},"end":{"line":26,"column":35}}],"line":26},"1":{"loc":{"start":{"line":27,"column":2},"end":{"line":27,"column":50}},"type":"if","locations":[{"start":{"line":27,"column":2},"end":{"line":27,"column":50}},{"start":{"line":27,"column":2},"end":{"line":27,"column":50}}],"line":27}},"s":{"0":2,"1":2,"2":2,"3":2,"4":5,"5":2,"6":7,"7":7,"8":7,"9":0,"10":2,"11":17,"12":10,"13":7,"14":7,"15":0,"16":2},"f":{"0":2,"1":5,"2":7,"3":7,"4":7,"5":0,"6":17},"b":{"0":[10,7],"1":[7,0]},"_coverageSchema":"1a1c01bbd47fc00a2c39e90264f33305004495a9","hash":"033a1506eeb0f7d1426ddce5f2c508fabb1d3a8f"}
,"D:\\Escritorio\\Programacion\\NodeJs\\Api-NodeJs\\api\\recursos\\usuarios\\usuarios.error.js": {"path":"D:\\Escritorio\\Programacion\\NodeJs\\Api-NodeJs\\api\\recursos\\usuarios\\usuarios.error.js","statementMap":{"0":{"start":{"line":3,"column":4},"end":{"line":3,"column":19}},"1":{"start":{"line":4,"column":4},"end":{"line":5,"column":73}},"2":{"start":{"line":6,"column":4},"end":{"line":6,"column":22}},"3":{"start":{"line":7,"column":4},"end":{"line":7,"column":29}},"4":{"start":{"line":13,"column":4},"end":{"line":13,"column":19}},"5":{"start":{"line":14,"column":4},"end":{"line":16,"column":77}},"6":{"start":{"line":17,"column":4},"end":{"line":17,"column":22}},"7":{"start":{"line":18,"column":4},"end":{"line":18,"column":42}},"8":{"start":{"line":22,"column":0},"end":{"line":25,"column":2}}},"fnMap":{"0":{"name":"(anonymous_0)","decl":{"start":{"line":2,"column":2},"end":{"line":2,"column":3}},"loc":{"start":{"line":2,"column":23},"end":{"line":8,"column":3}},"line":2},"1":{"name":"(anonymous_1)","decl":{"start":{"line":12,"column":2},"end":{"line":12,"column":3}},"loc":{"start":{"line":12,"column":23},"end":{"line":19,"column":3}},"line":12}},"branchMap":{"0":{"loc":{"start":{"line":5,"column":6},"end":{"line":5,"column":72}},"type":"binary-expr","locations":[{"start":{"line":5,"column":6},"end":{"line":5,"column":13}},{"start":{"line":5,"column":17},"end":{"line":5,"column":72}}],"line":5},"1":{"loc":{"start":{"line":15,"column":6},"end":{"line":16,"column":76}},"type":"binary-expr","locations":[{"start":{"line":15,"column":6},"end":{"line":15,"column":13}},{"start":{"line":16,"column":6},"end":{"line":16,"column":76}}],"line":15}},"s":{"0":0,"1":0,"2":0,"3":0,"4":0,"5":0,"6":0,"7":0,"8":2},"f":{"0":0,"1":0},"b":{"0":[0,0],"1":[0,0]},"_coverageSchema":"1a1c01bbd47fc00a2c39e90264f33305004495a9","hash":"24ab417d4e8d7175c07095fc875a9c650f21a205"}
,"D:\\Escritorio\\Programacion\\NodeJs\\Api-NodeJs\\api\\recursos\\usuarios\\usuarios.middleware.js": {"path":"D:\\Escritorio\\Programacion\\NodeJs\\Api-NodeJs\\api\\recursos\\usuarios\\usuarios.middleware.js","statementMap":{"0":{"start":{"line":1,"column":12},"end":{"line":1,"column":32}},"1":{"start":{"line":2,"column":12},"end":{"line":2,"column":44}},"2":{"start":{"line":4,"column":25},"end":{"line":8,"column":2}},"3":{"start":{"line":10,"column":23},"end":{"line":30,"column":1}},"4":{"start":{"line":11,"column":20},"end":{"line":14,"column":4}},"5":{"start":{"line":15,"column":2},"end":{"line":29,"column":3}},"6":{"start":{"line":16,"column":4},"end":{"line":16,"column":11}},"7":{"start":{"line":18,"column":4},"end":{"line":21,"column":6}},"8":{"start":{"line":20,"column":43},"end":{"line":20,"column":54}},"9":{"start":{"line":22,"column":4},"end":{"line":25,"column":6}},"10":{"start":{"line":24,"column":43},"end":{"line":24,"column":54}},"11":{"start":{"line":26,"column":4},"end":{"line":28,"column":69}},"12":{"start":{"line":32,"column":30},"end":{"line":35,"column":2}},"13":{"start":{"line":37,"column":21},"end":{"line":49,"column":1}},"14":{"start":{"line":38,"column":17},"end":{"line":41,"column":4}},"15":{"start":{"line":42,"column":2},"end":{"line":48,"column":3}},"16":{"start":{"line":43,"column":4},"end":{"line":43,"column":11}},"17":{"start":{"line":45,"column":4},"end":{"line":47,"column":70}},"18":{"start":{"line":51,"column":33},"end":{"line":55,"column":1}},"19":{"start":{"line":52,"column":2},"end":{"line":52,"column":77}},"20":{"start":{"line":53,"column":2},"end":{"line":53,"column":68}},"21":{"start":{"line":54,"column":2},"end":{"line":54,"column":9}},"22":{"start":{"line":57,"column":0},"end":{"line":61,"column":2}}},"fnMap":{"0":{"name":"(anonymous_0)","decl":{"start":{"line":10,"column":23},"end":{"line":10,"column":24}},"loc":{"start":{"line":10,"column":43},"end":{"line":30,"column":1}},"line":10},"1":{"name":"(anonymous_1)","decl":{"start":{"line":20,"column":34},"end":{"line":20,"column":35}},"loc":{"start":{"line":20,"column":43},"end":{"line":20,"column":54}},"line":20},"2":{"name":"(anonymous_2)","decl":{"start":{"line":24,"column":34},"end":{"line":24,"column":35}},"loc":{"start":{"line":24,"column":43},"end":{"line":24,"column":54}},"line":24},"3":{"name":"(anonymous_3)","decl":{"start":{"line":37,"column":21},"end":{"line":37,"column":22}},"loc":{"start":{"line":37,"column":41},"end":{"line":49,"column":1}},"line":37},"4":{"name":"(anonymous_4)","decl":{"start":{"line":51,"column":33},"end":{"line":51,"column":34}},"loc":{"start":{"line":51,"column":53},"end":{"line":55,"column":1}},"line":51}},"branchMap":{"0":{"loc":{"start":{"line":15,"column":2},"end":{"line":29,"column":3}},"type":"if","locations":[{"start":{"line":15,"column":2},"end":{"line":29,"column":3}},{"start":{"line":15,"column":2},"end":{"line":29,"column":3}}],"line":15},"1":{"loc":{"start":{"line":42,"column":2},"end":{"line":48,"column":3}},"type":"if","locations":[{"start":{"line":42,"column":2},"end":{"line":48,"column":3}},{"start":{"line":42,"column":2},"end":{"line":48,"column":3}}],"line":42},"2":{"loc":{"start":{"line":52,"column":2},"end":{"line":52,"column":76}},"type":"binary-expr","locations":[{"start":{"line":52,"column":2},"end":{"line":52,"column":19}},{"start":{"line":52,"column":24},"end":{"line":52,"column":75}}],"line":52},"3":{"loc":{"start":{"line":53,"column":2},"end":{"line":53,"column":67}},"type":"binary-expr","locations":[{"start":{"line":53,"column":2},"end":{"line":53,"column":16}},{"start":{"line":53,"column":21},"end":{"line":53,"column":66}}],"line":53}},"s":{"0":2,"1":2,"2":2,"3":2,"4":15,"5":15,"6":7,"7":8,"8":9,"9":8,"10":9,"11":8,"12":2,"13":2,"14":9,"15":9,"16":7,"17":2,"18":2,"19":14,"20":14,"21":14,"22":2},"f":{"0":15,"1":9,"2":9,"3":9,"4":14},"b":{"0":[7,8],"1":[7,2],"2":[14,14],"3":[14,7]},"_coverageSchema":"1a1c01bbd47fc00a2c39e90264f33305004495a9","hash":"28fb622d4cfaadbc780f498a3dca22818e644f60"}
,"D:\\Escritorio\\Programacion\\NodeJs\\Api-NodeJs\\api\\recursos\\usuarios\\usuarios.model.js": {"path":"D:\\Escritorio\\Programacion\\NodeJs\\Api-NodeJs\\api\\recursos\\usuarios\\usuarios.model.js","statementMap":{"0":{"start":{"line":1,"column":17},"end":{"line":1,"column":36}},"1":{"start":{"line":3,"column":22},"end":{"line":19,"column":2}},"2":{"start":{"line":21,"column":0},"end":{"line":21,"column":55}}},"fnMap":{},"branchMap":{},"s":{"0":2,"1":2,"2":2},"f":{},"b":{},"_coverageSchema":"1a1c01bbd47fc00a2c39e90264f33305004495a9","hash":"b962364196a728f5458de1d13936bd694f4fb34c"}
,"D:\\Escritorio\\Programacion\\NodeJs\\Api-NodeJs\\api\\recursos\\usuarios\\usuarios.routes.js": {"path":"D:\\Escritorio\\Programacion\\NodeJs\\Api-NodeJs\\api\\recursos\\usuarios\\usuarios.routes.js","statementMap":{"0":{"start":{"line":1,"column":16},"end":{"line":1,"column":34}},"1":{"start":{"line":2,"column":10},"end":{"line":2,"column":31}},"2":{"start":{"line":3,"column":15},"end":{"line":3,"column":33}},"3":{"start":{"line":4,"column":27},"end":{"line":4,"column":74}},"4":{"start":{"line":5,"column":25},"end":{"line":5,"column":70}},"5":{"start":{"line":6,"column":25},"end":{"line":7,"column":27}},"6":{"start":{"line":8,"column":20},"end":{"line":8,"column":36}},"7":{"start":{"line":9,"column":12},"end":{"line":9,"column":44}},"8":{"start":{"line":10,"column":15},"end":{"line":10,"column":32}},"9":{"start":{"line":11,"column":12},"end":{"line":11,"column":35}},"10":{"start":{"line":12,"column":15},"end":{"line":12,"column":41}},"11":{"start":{"line":13,"column":23},"end":{"line":13,"column":64}},"12":{"start":{"line":14,"column":26},"end":{"line":14,"column":67}},"13":{"start":{"line":15,"column":21},"end":{"line":15,"column":55}},"14":{"start":{"line":19,"column":4},"end":{"line":19,"column":41}},"15":{"start":{"line":21,"column":0},"end":{"line":28,"column":2}},"16":{"start":{"line":24,"column":4},"end":{"line":26,"column":7}},"17":{"start":{"line":25,"column":6},"end":{"line":25,"column":22}},"18":{"start":{"line":30,"column":0},"end":{"line":79,"column":2}},"19":{"start":{"line":34,"column":18},"end":{"line":34,"column":26}},"20":{"start":{"line":37,"column":4},"end":{"line":77,"column":5}},"21":{"start":{"line":38,"column":6},"end":{"line":41,"column":8}},"22":{"start":{"line":42,"column":6},"end":{"line":42,"column":30}},"23":{"start":{"line":43,"column":6},"end":{"line":51,"column":7}},"24":{"start":{"line":44,"column":8},"end":{"line":46,"column":10}},"25":{"start":{"line":47,"column":8},"end":{"line":49,"column":70}},"26":{"start":{"line":50,"column":8},"end":{"line":50,"column":15}},"27":{"start":{"line":53,"column":6},"end":{"line":71,"column":9}},"28":{"start":{"line":54,"column":8},"end":{"line":70,"column":9}},"29":{"start":{"line":55,"column":10},"end":{"line":55,"column":80}},"30":{"start":{"line":56,"column":10},"end":{"line":56,"column":60}},"31":{"start":{"line":58,"column":10},"end":{"line":69,"column":15}},"32":{"start":{"line":61,"column":14},"end":{"line":61,"column":70}},"33":{"start":{"line":62,"column":14},"end":{"line":62,"column":44}},"34":{"start":{"line":65,"column":14},"end":{"line":65,"column":79}},"35":{"start":{"line":66,"column":14},"end":{"line":68,"column":72}},"36":{"start":{"line":73,"column":6},"end":{"line":75,"column":8}},"37":{"start":{"line":76,"column":6},"end":{"line":76,"column":63}},"38":{"start":{"line":81,"column":0},"end":{"line":145,"column":2}},"39":{"start":{"line":85,"column":31},"end":{"line":85,"column":39}},"40":{"start":{"line":88,"column":4},"end":{"line":99,"column":5}},"41":{"start":{"line":89,"column":6},"end":{"line":91,"column":9}},"42":{"start":{"line":93,"column":6},"end":{"line":96,"column":8}},"43":{"start":{"line":97,"column":6},"end":{"line":97,"column":66}},"44":{"start":{"line":98,"column":6},"end":{"line":98,"column":13}},"45":{"start":{"line":101,"column":4},"end":{"line":143,"column":5}},"46":{"start":{"line":102,"column":6},"end":{"line":102,"column":70}},"47":{"start":{"line":103,"column":6},"end":{"line":107,"column":10}},"48":{"start":{"line":110,"column":6},"end":{"line":122,"column":7}},"49":{"start":{"line":111,"column":8},"end":{"line":114,"column":10}},"50":{"start":{"line":116,"column":8},"end":{"line":119,"column":10}},"51":{"start":{"line":120,"column":8},"end":{"line":120,"column":68}},"52":{"start":{"line":121,"column":8},"end":{"line":121,"column":15}},"53":{"start":{"line":124,"column":6},"end":{"line":142,"column":7}},"54":{"start":{"line":126,"column":20},"end":{"line":128,"column":10}},"55":{"start":{"line":129,"column":8},"end":{"line":131,"column":10}},"56":{"start":{"line":132,"column":8},"end":{"line":132,"column":40}},"57":{"start":{"line":134,"column":8},"end":{"line":136,"column":10}},"58":{"start":{"line":137,"column":8},"end":{"line":141,"column":12}},"59":{"start":{"line":147,"column":0},"end":{"line":147,"column":29}}},"fnMap":{"0":{"name":"(anonymous_0)","decl":{"start":{"line":23,"column":29},"end":{"line":23,"column":30}},"loc":{"start":{"line":23,"column":43},"end":{"line":27,"column":3}},"line":23},"1":{"name":"(anonymous_1)","decl":{"start":{"line":24,"column":42},"end":{"line":24,"column":43}},"loc":{"start":{"line":24,"column":53},"end":{"line":26,"column":5}},"line":24},"2":{"name":"(anonymous_2)","decl":{"start":{"line":33,"column":2},"end":{"line":33,"column":3}},"loc":{"start":{"line":33,"column":22},"end":{"line":78,"column":3}},"line":33},"3":{"name":"(anonymous_3)","decl":{"start":{"line":53,"column":40},"end":{"line":53,"column":41}},"loc":{"start":{"line":53,"column":65},"end":{"line":71,"column":7}},"line":53},"4":{"name":"(anonymous_4)","decl":{"start":{"line":60,"column":18},"end":{"line":60,"column":19}},"loc":{"start":{"line":60,"column":31},"end":{"line":63,"column":13}},"line":60},"5":{"name":"(anonymous_5)","decl":{"start":{"line":64,"column":19},"end":{"line":64,"column":20}},"loc":{"start":{"line":64,"column":28},"end":{"line":69,"column":13}},"line":64},"6":{"name":"(anonymous_6)","decl":{"start":{"line":84,"column":2},"end":{"line":84,"column":3}},"loc":{"start":{"line":84,"column":22},"end":{"line":144,"column":3}},"line":84}},"branchMap":{"0":{"loc":{"start":{"line":43,"column":6},"end":{"line":51,"column":7}},"type":"if","locations":[{"start":{"line":43,"column":6},"end":{"line":51,"column":7}},{"start":{"line":43,"column":6},"end":{"line":51,"column":7}}],"line":43},"1":{"loc":{"start":{"line":54,"column":8},"end":{"line":70,"column":9}},"type":"if","locations":[{"start":{"line":54,"column":8},"end":{"line":70,"column":9}},{"start":{"line":54,"column":8},"end":{"line":70,"column":9}}],"line":54},"2":{"loc":{"start":{"line":101,"column":4},"end":{"line":143,"column":5}},"type":"if","locations":[{"start":{"line":101,"column":4},"end":{"line":143,"column":5}},{"start":{"line":101,"column":4},"end":{"line":143,"column":5}}],"line":101},"3":{"loc":{"start":{"line":124,"column":6},"end":{"line":142,"column":7}},"type":"if","locations":[{"start":{"line":124,"column":6},"end":{"line":142,"column":7}},{"start":{"line":124,"column":6},"end":{"line":142,"column":7}}],"line":124}},"s":{"0":2,"1":2,"2":2,"3":2,"4":2,"5":2,"6":2,"7":2,"8":2,"9":2,"10":2,"11":2,"12":2,"13":2,"14":2,"15":2,"16":2,"17":2,"18":2,"19":7,"20":7,"21":7,"22":7,"23":7,"24":2,"25":2,"26":2,"27":5,"28":5,"29":0,"30":0,"31":5,"32":5,"33":5,"34":0,"35":0,"36":0,"37":0,"38":2,"39":7,"40":7,"41":7,"42":0,"43":0,"44":0,"45":7,"46":1,"47":1,"48":6,"49":6,"50":0,"51":0,"52":0,"53":6,"54":5,"55":5,"56":5,"57":1,"58":1,"59":2},"f":{"0":2,"1":2,"2":7,"3":5,"4":5,"5":0,"6":7},"b":{"0":[2,5],"1":[0,5],"2":[1,6],"3":[5,1]},"_coverageSchema":"1a1c01bbd47fc00a2c39e90264f33305004495a9","hash":"ed11ac07534ab3e3b42efe6b06f5e470412dad91"}
,"D:\\Escritorio\\Programacion\\NodeJs\\Api-NodeJs\\config\\index.js": {"path":"D:\\Escritorio\\Programacion\\NodeJs\\Api-NodeJs\\config\\index.js","statementMap":{"0":{"start":{"line":1,"column":17},"end":{"line":1,"column":54}},"1":{"start":{"line":3,"column":26},"end":{"line":7,"column":1}},"2":{"start":{"line":9,"column":28},"end":{"line":9,"column":30}},"3":{"start":{"line":11,"column":0},"end":{"line":26,"column":1}},"4":{"start":{"line":15,"column":4},"end":{"line":15,"column":45}},"5":{"start":{"line":16,"column":4},"end":{"line":16,"column":10}},"6":{"start":{"line":19,"column":4},"end":{"line":19,"column":46}},"7":{"start":{"line":20,"column":4},"end":{"line":20,"column":10}},"8":{"start":{"line":22,"column":4},"end":{"line":22,"column":46}},"9":{"start":{"line":23,"column":4},"end":{"line":23,"column":10}},"10":{"start":{"line":25,"column":4},"end":{"line":25,"column":45}},"11":{"start":{"line":28,"column":22},"end":{"line":31,"column":1}},"12":{"start":{"line":33,"column":0},"end":{"line":33,"column":27}},"13":{"start":{"line":35,"column":0},"end":{"line":35,"column":31}}},"fnMap":{},"branchMap":{"0":{"loc":{"start":{"line":1,"column":17},"end":{"line":1,"column":54}},"type":"binary-expr","locations":[{"start":{"line":1,"column":17},"end":{"line":1,"column":37}},{"start":{"line":1,"column":41},"end":{"line":1,"column":54}}],"line":1},"1":{"loc":{"start":{"line":11,"column":0},"end":{"line":26,"column":1}},"type":"switch","locations":[{"start":{"line":12,"column":2},"end":{"line":12,"column":20}},{"start":{"line":13,"column":2},"end":{"line":13,"column":13}},{"start":{"line":14,"column":2},"end":{"line":16,"column":10}},{"start":{"line":17,"column":2},"end":{"line":17,"column":20}},{"start":{"line":18,"column":2},"end":{"line":20,"column":10}},{"start":{"line":21,"column":2},"end":{"line":23,"column":10}},{"start":{"line":24,"column":2},"end":{"line":25,"column":45}}],"line":11}},"s":{"0":2,"1":2,"2":2,"3":2,"4":0,"5":0,"6":0,"7":0,"8":2,"9":2,"10":0,"11":2,"12":2,"13":2},"f":{},"b":{"0":[2,0],"1":[0,0,0,0,0,2,0]},"_coverageSchema":"1a1c01bbd47fc00a2c39e90264f33305004495a9","hash":"681e78855615149999482afef272c0f1499bfd49"}
,"D:\\Escritorio\\Programacion\\NodeJs\\Api-NodeJs\\config\\test.js": {"path":"D:\\Escritorio\\Programacion\\NodeJs\\Api-NodeJs\\config\\test.js","statementMap":{"0":{"start":{"line":1,"column":0},"end":{"line":7,"column":2}}},"fnMap":{},"branchMap":{},"s":{"0":2},"f":{},"b":{},"_coverageSchema":"1a1c01bbd47fc00a2c39e90264f33305004495a9","hash":"c2d78483b13aa6db7eb94e7548f2b502189cdab2"}
,"D:\\Escritorio\\Programacion\\NodeJs\\Api-NodeJs\\utils\\logger.js": {"path":"D:\\Escritorio\\Programacion\\NodeJs\\Api-NodeJs\\utils\\logger.js","statementMap":{"0":{"start":{"line":1,"column":16},"end":{"line":1,"column":34}},"1":{"start":{"line":2,"column":15},"end":{"line":2,"column":35}},"2":{"start":{"line":6,"column":21},"end":{"line":9,"column":2}},"3":{"start":{"line":7,"column":2},"end":{"line":7,"column":63}},"4":{"start":{"line":8,"column":2},"end":{"line":8,"column":14}},"5":{"start":{"line":11,"column":15},"end":{"line":30,"column":2}},"6":{"start":{"line":32,"column":0},"end":{"line":32,"column":24}}},"fnMap":{"0":{"name":"(anonymous_0)","decl":{"start":{"line":6,"column":36},"end":{"line":6,"column":37}},"loc":{"start":{"line":6,"column":46},"end":{"line":9,"column":1}},"line":6}},"branchMap":{"0":{"loc":{"start":{"line":14,"column":13},"end":{"line":14,"column":52}},"type":"cond-expr","locations":[{"start":{"line":14,"column":35},"end":{"line":14,"column":42}},{"start":{"line":14,"column":45},"end":{"line":14,"column":52}}],"line":14}},"s":{"0":2,"1":2,"2":2,"3":85,"4":85,"5":2,"6":2},"f":{"0":85},"b":{"0":[2,0]},"_coverageSchema":"1a1c01bbd47fc00a2c39e90264f33305004495a9","hash":"7cba77ca1c7836cb6f4f9ead3d518d4374ce5b49"}
}
