TN:
SF:index.js
FN:16,(anonymous_0)
FN:28,(anonymous_1)
FN:47,(anonymous_2)
FN:53,(anonymous_3)
FNF:4
FNH:2
FNDA:0,(anonymous_0)
FNDA:42,(anonymous_1)
FNDA:0,(anonymous_2)
FNDA:2,(anonymous_3)
DA:1,2
DA:2,2
DA:3,2
DA:4,2
DA:5,2
DA:6,2
DA:7,2
DA:8,2
DA:9,2
DA:10,2
DA:11,2
DA:13,2
DA:15,2
DA:16,2
DA:17,0
DA:18,0
DA:20,2
DA:22,2
DA:24,2
DA:25,2
DA:28,42
DA:33,2
DA:35,2
DA:36,2
DA:39,2
DA:40,2
DA:41,0
DA:43,2
DA:47,2
DA:49,0
DA:50,0
DA:53,2
DA:54,2
DA:57,2
LF:34
LH:29
BRDA:40,0,0,0
BRDA:40,0,1,2
BRF:2
BRH:1
end_of_record
TN:
SF:api\libs\auth.js
FN:11,(anonymous_0)
FN:16,(anonymous_1)
FN:32,(anonymous_2)
FNF:3
FNH:2
FNDA:10,(anonymous_0)
FNDA:10,(anonymous_1)
FNDA:0,(anonymous_2)
DA:1,2
DA:2,2
DA:3,2
DA:4,2
DA:6,2
DA:11,2
DA:14,10
DA:17,10
DA:18,0
DA:21,0
DA:23,10
DA:26,10
DA:33,0
DA:34,0
DA:38,2
LF:15
LH:11
BRDA:17,0,0,0
BRDA:17,0,1,10
BRF:2
BRH:1
end_of_record
TN:
SF:api\libs\errorHandler.js
FN:4,(anonymous_0)
FN:5,(anonymous_1)
FN:10,(anonymous_2)
FN:22,(anonymous_3)
FN:29,(anonymous_4)
FNF:5
FNH:4
FNDA:8,(anonymous_0)
FNDA:5,(anonymous_1)
FNDA:1,(anonymous_2)
FNDA:0,(anonymous_3)
FNDA:1,(anonymous_4)
DA:1,2
DA:2,2
DA:4,2
DA:5,8
DA:6,5
DA:10,2
DA:12,1
DA:13,0
DA:15,0
DA:17,0
DA:19,1
DA:22,2
DA:23,0
DA:24,0
DA:29,2
DA:30,1
DA:31,1
DA:37,2
LF:18
LH:13
BRDA:12,0,0,0
BRDA:12,0,1,1
BRDA:12,1,0,1
BRDA:12,1,1,1
BRDA:23,2,0,0
BRDA:23,2,1,0
BRDA:30,3,0,1
BRDA:30,3,1,0
BRDA:33,4,0,1
BRDA:33,4,1,0
BRF:10
BRH:5
end_of_record
TN:
SF:api\recursos\productos\product.controller.js
FN:3,(anonymous_0)
FN:7,createProduct
FN:12,(anonymous_2)
FN:16,(anonymous_3)
FN:26,(anonymous_4)
FNF:5
FNH:3
FNDA:0,(anonymous_0)
FNDA:1,createProduct
FNDA:5,(anonymous_2)
FNDA:0,(anonymous_3)
FNDA:1,(anonymous_4)
DA:1,2
DA:3,2
DA:4,0
DA:9,1
DA:12,2
DA:13,5
DA:16,2
DA:17,0
DA:26,2
DA:27,1
DA:30,2
LF:11
LH:9
BRF:0
BRH:0
end_of_record
TN:
SF:api\recursos\productos\productos.error.js
FN:2,(anonymous_0)
FN:11,(anonymous_1)
FNF:2
FNH:1
FNDA:1,(anonymous_0)
FNDA:0,(anonymous_1)
DA:3,1
DA:4,1
DA:5,1
DA:6,1
DA:12,0
DA:13,0
DA:14,0
DA:15,0
DA:19,2
LF:9
LH:5
BRDA:4,0,0,1
BRDA:4,0,1,0
BRDA:13,1,0,0
BRDA:13,1,1,0
BRF:4
BRH:1
end_of_record
TN:
SF:api\recursos\productos\productos.middleware.js
FN:11,(anonymous_0)
FN:19,(anonymous_1)
FN:29,(anonymous_2)
FNF:3
FNH:3
FNDA:6,(anonymous_0)
FNDA:9,(anonymous_1)
FNDA:7,(anonymous_2)
DA:1,2
DA:2,2
DA:4,2
DA:11,2
DA:12,6
DA:16,6
DA:17,1
DA:19,5
DA:20,9
DA:23,5
DA:24,5
DA:25,5
DA:29,2
DA:30,7
DA:31,7
DA:32,2
DA:34,5
DA:38,2
LF:18
LH:18
BRDA:16,0,0,1
BRDA:16,0,1,5
BRDA:31,1,0,2
BRDA:31,1,1,5
BRF:4
BRH:4
end_of_record
TN:
SF:api\recursos\productos\productos.routes.js
FN:19,(anonymous_0)
FN:20,(anonymous_1)
FN:29,(anonymous_2)
FN:32,(anonymous_3)
FN:42,(anonymous_4)
FN:44,(anonymous_5)
FN:57,(anonymous_6)
FN:92,(anonymous_7)
FN:99,(anonymous_8)
FN:111,(anonymous_9)
FNF:10
FNH:5
FNDA:0,(anonymous_0)
FNDA:0,(anonymous_1)
FNDA:1,(anonymous_2)
FNDA:1,(anonymous_3)
FNDA:2,(anonymous_4)
FNDA:2,(anonymous_5)
FNDA:0,(anonymous_6)
FNDA:0,(anonymous_7)
FNDA:0,(anonymous_8)
FNDA:3,(anonymous_9)
DA:1,2
DA:2,2
DA:3,2
DA:4,2
DA:5,2
DA:6,2
DA:7,2
DA:8,2
DA:9,2
DA:10,2
DA:11,2
DA:15,2
DA:17,2
DA:20,0
DA:21,0
DA:26,2
DA:30,1
DA:33,1
DA:34,1
DA:39,2
DA:43,2
DA:44,2
DA:45,2
DA:46,1
DA:49,1
DA:54,2
DA:58,0
DA:59,0
DA:62,0
DA:63,0
DA:64,0
DA:66,0
DA:67,0
DA:68,0
DA:71,0
DA:72,0
DA:73,0
DA:76,0
DA:77,0
DA:80,0
DA:90,0
DA:93,0
DA:97,0
DA:100,0
DA:101,0
DA:108,2
DA:112,3
DA:115,3
DA:116,3
DA:117,3
DA:119,0
DA:123,0
DA:124,0
DA:127,3
DA:128,1
DA:129,1
DA:132,2
DA:133,2
DA:134,1
DA:137,1
DA:146,1
DA:147,1
DA:148,1
DA:149,1
DA:151,0
DA:158,2
LF:66
LH:41
BRDA:45,0,0,1
BRDA:45,0,1,1
BRDA:71,1,0,0
BRDA:71,1,1,0
BRDA:76,2,0,0
BRDA:76,2,1,0
BRDA:127,3,0,1
BRDA:127,3,1,2
BRDA:133,4,0,1
BRDA:133,4,1,1
BRF:10
BRH:6
end_of_record
TN:
SF:api\recursos\productos\products.model.js
FNF:0
FNH:0
DA:1,2
DA:3,2
DA:25,2
LF:3
LH:3
BRF:0
BRH:0
end_of_record
TN:
SF:api\recursos\usuarios\usuario.controller.js
FN:3,(anonymous_0)
FN:7,(anonymous_1)
FN:11,(anonymous_2)
FN:12,(anonymous_3)
FN:15,(anonymous_4)
FN:18,(anonymous_5)
FN:25,(anonymous_6)
FNF:7
FNH:6
FNDA:2,(anonymous_0)
FNDA:5,(anonymous_1)
FNDA:7,(anonymous_2)
FNDA:7,(anonymous_3)
FNDA:7,(anonymous_4)
FNDA:0,(anonymous_5)
FNDA:17,(anonymous_6)
DA:1,2
DA:3,2
DA:4,2
DA:7,2
DA:8,5
DA:11,2
DA:12,7
DA:13,7
DA:16,7
DA:19,0
DA:25,2
DA:26,17
DA:27,7
DA:29,0
DA:34,2
LF:15
LH:13
BRDA:26,0,0,10
BRDA:26,0,1,7
BRDA:27,1,0,7
BRDA:27,1,1,0
BRF:4
BRH:3
end_of_record
TN:
SF:api\recursos\usuarios\usuarios.error.js
FN:2,(anonymous_0)
FN:12,(anonymous_1)
FNF:2
FNH:0
FNDA:0,(anonymous_0)
FNDA:0,(anonymous_1)
DA:3,0
DA:4,0
DA:6,0
DA:7,0
DA:13,0
DA:14,0
DA:17,0
DA:18,0
DA:22,2
LF:9
LH:1
BRDA:5,0,0,0
BRDA:5,0,1,0
BRDA:15,1,0,0
BRDA:15,1,1,0
BRF:4
BRH:0
end_of_record
TN:
SF:api\recursos\usuarios\usuarios.middleware.js
FN:10,(anonymous_0)
FN:20,(anonymous_1)
FN:24,(anonymous_2)
FN:37,(anonymous_3)
FN:51,(anonymous_4)
FNF:5
FNH:5
FNDA:15,(anonymous_0)
FNDA:9,(anonymous_1)
FNDA:9,(anonymous_2)
FNDA:9,(anonymous_3)
FNDA:14,(anonymous_4)
DA:1,2
DA:2,2
DA:4,2
DA:10,2
DA:11,15
DA:15,15
DA:16,7
DA:18,8
DA:20,9
DA:22,8
DA:24,9
DA:26,8
DA:32,2
DA:37,2
DA:38,9
DA:42,9
DA:43,7
DA:45,2
DA:51,2
DA:52,14
DA:53,14
DA:54,14
DA:57,2
LF:23
LH:23
BRDA:15,0,0,7
BRDA:15,0,1,8
BRDA:42,1,0,7
BRDA:42,1,1,2
BRDA:52,2,0,14
BRDA:52,2,1,14
BRDA:53,3,0,14
BRDA:53,3,1,7
BRF:8
BRH:8
end_of_record
TN:
SF:api\recursos\usuarios\usuarios.model.js
FNF:0
FNH:0
DA:1,2
DA:3,2
DA:21,2
LF:3
LH:3
BRF:0
BRH:0
end_of_record
TN:
SF:api\recursos\usuarios\usuarios.routes.js
FN:23,(anonymous_0)
FN:24,(anonymous_1)
FN:33,(anonymous_2)
FN:53,(anonymous_3)
FN:60,(anonymous_4)
FN:64,(anonymous_5)
FN:84,(anonymous_6)
FNF:7
FNH:6
FNDA:2,(anonymous_0)
FNDA:2,(anonymous_1)
FNDA:7,(anonymous_2)
FNDA:5,(anonymous_3)
FNDA:5,(anonymous_4)
FNDA:0,(anonymous_5)
FNDA:7,(anonymous_6)
DA:1,2
DA:2,2
DA:3,2
DA:4,2
DA:5,2
DA:6,2
DA:8,2
DA:9,2
DA:10,2
DA:11,2
DA:12,2
DA:13,2
DA:14,2
DA:15,2
DA:19,2
DA:21,2
DA:24,2
DA:25,2
DA:30,2
DA:34,7
DA:37,7
DA:38,7
DA:42,7
DA:43,7
DA:44,2
DA:47,2
DA:50,2
DA:53,5
DA:54,5
DA:55,0
DA:56,0
DA:58,5
DA:61,5
DA:62,5
DA:65,0
DA:66,0
DA:73,0
DA:76,0
DA:81,2
DA:85,7
DA:88,7
DA:89,7
DA:93,0
DA:97,0
DA:98,0
DA:101,7
DA:102,1
DA:103,1
DA:110,6
DA:111,6
DA:116,0
DA:120,0
DA:121,0
DA:124,6
DA:126,5
DA:129,5
DA:132,5
DA:134,1
DA:137,1
DA:147,2
LF:60
LH:48
BRDA:43,0,0,2
BRDA:43,0,1,5
BRDA:54,1,0,0
BRDA:54,1,1,5
BRDA:101,2,0,1
BRDA:101,2,1,6
BRDA:124,3,0,5
BRDA:124,3,1,1
BRF:8
BRH:7
end_of_record
TN:
SF:config\index.js
FNF:0
FNH:0
DA:1,2
DA:3,2
DA:9,2
DA:11,2
DA:15,0
DA:16,0
DA:19,0
DA:20,0
DA:22,2
DA:23,2
DA:25,0
DA:28,2
DA:33,2
DA:35,2
LF:14
LH:9
BRDA:1,0,0,2
BRDA:1,0,1,0
BRDA:11,1,0,0
BRDA:11,1,1,0
BRDA:11,1,2,0
BRDA:11,1,3,0
BRDA:11,1,4,0
BRDA:11,1,5,2
BRDA:11,1,6,0
BRF:9
BRH:2
end_of_record
TN:
SF:config\test.js
FNF:0
FNH:0
DA:1,2
LF:1
LH:1
BRF:0
BRH:0
end_of_record
TN:
SF:utils\logger.js
FN:6,(anonymous_0)
FNF:1
FNH:1
FNDA:85,(anonymous_0)
DA:1,2
DA:2,2
DA:6,2
DA:7,85
DA:8,85
DA:11,2
DA:32,2
LF:7
LH:7
BRDA:14,0,0,2
BRDA:14,0,1,0
BRF:2
BRH:1
end_of_record
